C:\USERS\NALTA\DESKTOP\REDSPACE\REDSPACE\REDSPACE\REDSPACE\DEBUG\ACTOR.OBJ
C:\USERS\NALTA\DESKTOP\REDSPACE\REDSPACE\REDSPACE\REDSPACE\DEBUG\AUDIO.OBJ
C:\USERS\NALTA\DESKTOP\REDSPACE\REDSPACE\REDSPACE\REDSPACE\DEBUG\EXPLOSION.OBJ
C:\USERS\NALTA\DESKTOP\REDSPACE\REDSPACE\REDSPACE\REDSPACE\DEBUG\GAME.OBJ
C:\USERS\NALTA\DESKTOP\REDSPACE\REDSPACE\REDSPACE\REDSPACE\DEBUG\GRAPHICS.OBJ
C:\USERS\NALTA\DESKTOP\REDSPACE\REDSPACE\REDSPACE\REDSPACE\DEBUG\IMAGE.OBJ
C:\USERS\NALTA\DESKTOP\REDSPACE\REDSPACE\REDSPACE\REDSPACE\DEBUG\INPUT.OBJ
C:\USERS\NALTA\DESKTOP\REDSPACE\REDSPACE\REDSPACE\REDSPACE\DEBUG\MISSILE.OBJ
C:\USERS\NALTA\DESKTOP\REDSPACE\REDSPACE\REDSPACE\REDSPACE\DEBUG\PLANET.OBJ
C:\USERS\NALTA\DESKTOP\REDSPACE\REDSPACE\REDSPACE\REDSPACE\DEBUG\REDSPACE.OBJ
C:\USERS\NALTA\DESKTOP\REDSPACE\REDSPACE\REDSPACE\REDSPACE\DEBUG\TEXTUREMANAGER.OBJ
C:\USERS\NALTA\DESKTOP\REDSPACE\REDSPACE\REDSPACE\REDSPACE\DEBUG\WINMAIN.OBJ
C:\USERS\NALTA\DESKTOP\REDSPACE\REDSPACE\REDSPACE\REDSPACE\DEBUG\VC110.PDB
C:\USERS\NALTA\DESKTOP\REDSPACE\REDSPACE\REDSPACE\REDSPACE\DEBUG\REDSPACE.ILK
C:\USERS\NALTA\DESKTOP\REDSPACE\REDSPACE\REDSPACE\REDSPACE\DEBUG\REDSPACE.EXE
C:\USERS\NALTA\DESKTOP\REDSPACE\REDSPACE\REDSPACE\REDSPACE\DEBUG\REDSPACE.PDB
C:\Users\Nalta\Desktop\REDSPACE\REDSPACE\REDSPACE\REDSPACE\Debug\Actor.obj
C:\Users\Nalta\Desktop\REDSPACE\REDSPACE\REDSPACE\REDSPACE\Debug\audio.obj
C:\Users\Nalta\Desktop\REDSPACE\REDSPACE\REDSPACE\REDSPACE\Debug\Explosion.obj
C:\Users\Nalta\Desktop\REDSPACE\REDSPACE\REDSPACE\REDSPACE\Debug\game.obj
C:\Users\Nalta\Desktop\REDSPACE\REDSPACE\REDSPACE\REDSPACE\Debug\graphics.obj
C:\Users\Nalta\Desktop\REDSPACE\REDSPACE\REDSPACE\REDSPACE\Debug\image.obj
C:\Users\Nalta\Desktop\REDSPACE\REDSPACE\REDSPACE\REDSPACE\Debug\input.obj
C:\Users\Nalta\Desktop\REDSPACE\REDSPACE\REDSPACE\REDSPACE\Debug\Missile.obj
C:\Users\Nalta\Desktop\REDSPACE\REDSPACE\REDSPACE\REDSPACE\Debug\Planet.obj
C:\Users\Nalta\Desktop\REDSPACE\REDSPACE\REDSPACE\REDSPACE\Debug\textureManager.obj
C:\Users\Nalta\Desktop\REDSPACE\REDSPACE\REDSPACE\REDSPACE\Debug\REDSPACE.ilk
C:\Users\Nalta\Desktop\REDSPACE\REDSPACE\REDSPACE\REDSPACE\Debug\cl.command.1.tlog
C:\Users\Nalta\Desktop\REDSPACE\REDSPACE\REDSPACE\REDSPACE\Debug\CL.read.1.tlog
C:\Users\Nalta\Desktop\REDSPACE\REDSPACE\REDSPACE\REDSPACE\Debug\CL.write.1.tlog
C:\Users\Nalta\Desktop\REDSPACE\REDSPACE\REDSPACE\REDSPACE\Debug\link-cvtres.read.1.tlog
C:\Users\Nalta\Desktop\REDSPACE\REDSPACE\REDSPACE\REDSPACE\Debug\link-cvtres.write.1.tlog
C:\Users\Nalta\Desktop\REDSPACE\REDSPACE\REDSPACE\REDSPACE\Debug\link-rc.read.1.tlog
C:\Users\Nalta\Desktop\REDSPACE\REDSPACE\REDSPACE\REDSPACE\Debug\link-rc.write.1.tlog
C:\Users\Nalta\Desktop\REDSPACE\REDSPACE\REDSPACE\REDSPACE\Debug\link.11404-cvtres.read.1.tlog
C:\Users\Nalta\Desktop\REDSPACE\REDSPACE\REDSPACE\REDSPACE\Debug\link.11404-cvtres.write.1.tlog
C:\Users\Nalta\Desktop\REDSPACE\REDSPACE\REDSPACE\REDSPACE\Debug\link.11404-rc.read.1.tlog
C:\Users\Nalta\Desktop\REDSPACE\REDSPACE\REDSPACE\REDSPACE\Debug\link.11404-rc.write.1.tlog
C:\Users\Nalta\Desktop\REDSPACE\REDSPACE\REDSPACE\REDSPACE\Debug\link.11404.read.1.tlog
C:\Users\Nalta\Desktop\REDSPACE\REDSPACE\REDSPACE\REDSPACE\Debug\link.11404.write.1.tlog
C:\Users\Nalta\Desktop\REDSPACE\REDSPACE\REDSPACE\REDSPACE\Debug\link.1968-cvtres.read.1.tlog
C:\Users\Nalta\Desktop\REDSPACE\REDSPACE\REDSPACE\REDSPACE\Debug\link.1968-cvtres.write.1.tlog
C:\Users\Nalta\Desktop\REDSPACE\REDSPACE\REDSPACE\REDSPACE\Debug\link.1968-rc.read.1.tlog
C:\Users\Nalta\Desktop\REDSPACE\REDSPACE\REDSPACE\REDSPACE\Debug\link.1968-rc.write.1.tlog
C:\Users\Nalta\Desktop\REDSPACE\REDSPACE\REDSPACE\REDSPACE\Debug\link.1968.read.1.tlog
C:\Users\Nalta\Desktop\REDSPACE\REDSPACE\REDSPACE\REDSPACE\Debug\link.1968.write.1.tlog
C:\Users\Nalta\Desktop\REDSPACE\REDSPACE\REDSPACE\REDSPACE\Debug\link.4544-cvtres.read.1.tlog
C:\Users\Nalta\Desktop\REDSPACE\REDSPACE\REDSPACE\REDSPACE\Debug\link.4544-cvtres.write.1.tlog
C:\Users\Nalta\Desktop\REDSPACE\REDSPACE\REDSPACE\REDSPACE\Debug\link.4544-rc.read.1.tlog
C:\Users\Nalta\Desktop\REDSPACE\REDSPACE\REDSPACE\REDSPACE\Debug\link.4544-rc.write.1.tlog
C:\Users\Nalta\Desktop\REDSPACE\REDSPACE\REDSPACE\REDSPACE\Debug\link.4544.read.1.tlog
C:\Users\Nalta\Desktop\REDSPACE\REDSPACE\REDSPACE\REDSPACE\Debug\link.4544.write.1.tlog
C:\Users\Nalta\Desktop\REDSPACE\REDSPACE\REDSPACE\REDSPACE\Debug\link.command.1.tlog
C:\Users\Nalta\Desktop\REDSPACE\REDSPACE\REDSPACE\REDSPACE\Debug\link.read.1.tlog
C:\Users\Nalta\Desktop\REDSPACE\REDSPACE\REDSPACE\REDSPACE\Debug\link.write.1.tlog
C:\Users\Nalta\Desktop\REDSPACE\REDSPACE\REDSPACE\REDSPACE\Debug\vc110.idb
C:\Users\Nalta\Desktop\REDSPACE\REDSPACE\REDSPACE\REDSPACE\Debug\REDSPACE.pdb
C:\Users\Nalta\Desktop\REDSPACE\REDSPACE\REDSPACE\REDSPACE\Debug\vc110.pdb
C:\Users\Nalta\Desktop\REDSPACE\REDSPACE\REDSPACE\REDSPACE\Debug\REDSPACE.exe
