Build started 9/29/2014 10:57:21 AM.
     1>Project "C:\Users\SybrandtJG1\Dropbox\Projects\REDSPACE\REDSPACE\REDSPACE\REDSPACE.vcxproj" on node 2 (Build target(s)).
     1>ClCompile:
         C:\Program Files (x86)\Microsoft Visual Studio 11.0\VC\bin\CL.exe /c /I"C:\Program Files (x86)\Microsoft DirectX SDK (June 2010)\\Include" /ZI /nologo /W3 /WX- /Od /Oy- /D _MBCS /Gm /EHsc /RTC1 /MDd /GS /fp:precise /Zc:wchar_t /Zc:forScope /Fo"Debug\\" /Fd"Debug\vc110.pdb" /Gd /TP /analyze- /errorReport:prompt Actor.cpp Missile.cpp Planet.cpp game.cpp graphics.cpp image.cpp input.cpp redspace.cpp textureManager.cpp winmain.cpp
         Actor.cpp
         Generating Code...
         Compiling...
         winmain.cpp
         textureManager.cpp
         redspace.cpp
     1>c:\users\sybrandtjg1\dropbox\projects\redspace\redspace\redspace\redspace.cpp(91): warning C4244: 'argument' : conversion from 'int' to 'FLOAT', possible loss of data
         input.cpp
         image.cpp
         graphics.cpp
         game.cpp
         Planet.cpp
         Missile.cpp
         Generating Code...
       Link:
         C:\Program Files (x86)\Microsoft Visual Studio 11.0\VC\bin\link.exe /ERRORREPORT:PROMPT /OUT:"C:\Users\SybrandtJG1\Dropbox\Projects\REDSPACE\REDSPACE\REDSPACE\Debug\REDSPACE.exe" /NOLOGO /LIBPATH:"C:\Program Files (x86)\Microsoft DirectX SDK (June 2010)\\Lib\x86" d3d9.lib d3dx9.lib winmm.lib xinput.lib winmm.lib kernel32.lib user32.lib gdi32.lib winspool.lib comdlg32.lib advapi32.lib shell32.lib ole32.lib oleaut32.lib uuid.lib odbc32.lib odbccp32.lib /MANIFEST /MANIFESTUAC:"level='asInvoker' uiAccess='false'" /manifest:embed /DEBUG /PDB:"C:\Users\SybrandtJG1\Dropbox\Projects\REDSPACE\REDSPACE\REDSPACE\Debug\REDSPACE.pdb" /TLBID:1 /DYNAMICBASE /NXCOMPAT /IMPLIB:"C:\Users\SybrandtJG1\Dropbox\Projects\REDSPACE\REDSPACE\REDSPACE\Debug\REDSPACE.lib" /MACHINE:X86 /SAFESEH Debug\Actor.obj
         Debug\game.obj
         Debug\graphics.obj
         Debug\image.obj
         Debug\input.obj
         Debug\Missile.obj
         Debug\Planet.obj
         Debug\redspace.obj
         Debug\textureManager.obj
         Debug\winmain.obj
         REDSPACE.vcxproj -> C:\Users\SybrandtJG1\Dropbox\Projects\REDSPACE\REDSPACE\REDSPACE\Debug\REDSPACE.exe
     1>Done Building Project "C:\Users\SybrandtJG1\Dropbox\Projects\REDSPACE\REDSPACE\REDSPACE\REDSPACE.vcxproj" (Build target(s)).

Build succeeded.

Time Elapsed 00:00:13.70
